<?xml version="1.0" encoding="UTF-8"?>
<!-- Generated by org.testng.reporters.JUnitReportReporter -->
<testsuite hostname="Jays-Mac-mini-3.local" failures="0" tests="7" name="com.TestClass.LandingTest" time="97.554" errors="0" timestamp="2024-07-31T11:39:28 IST" skipped="0">
  <testcase classname="com.TestClass.LandingTest" name="To_Verify_LandingScreen" time="3.872"/>
  <system-out/>
  <testcase classname="com.TestClass.LandingTest" name="To_Verify_Form" time="1.240"/>
  <system-out/>
  <testcase classname="com.TestClass.LandingTest" name="To_Verify_Fill_PersonalInformation_With_Valid_Details" time="20.807"/>
  <system-out/>
  <testcase classname="com.TestClass.LandingTest" name="To_Verify_Fill_LifeStyleInformation_With_Valid_Details" time="21.214"/>
  <system-out/>
  <testcase classname="com.TestClass.LandingTest" name="To_Verify_Fill_HealthInformation_With_Valid_Details" time="17.466"/>
  <system-out/>
  <testcase classname="com.TestClass.LandingTest" name="To_Verify_Fill_MedicalHistory_With_Valid_Details" time="3.156"/>
  <system-out/>
  <testcase classname="com.TestClass.LandingTest" name="To_Verify_Fill_AdditionalInformation_With_Valid_Details" time="29.799"/>
  <system-out/>
</testsuite> <!-- com.TestClass.LandingTest -->
