<?xml version="1.0" encoding="UTF-8"?>
<!-- Generated by org.testng.reporters.JUnitReportReporter -->
<testsuite hostname="Jays-Mac-mini-3.local" failures="0" tests="1" name="com.deviceConfig.baseClass" time="24.010" errors="0" timestamp="2024-07-22T18:34:14 IST" skipped="0">
  <testcase classname="com.deviceConfig.baseClass" name="Set_up" time="24.010"/>
  <system-out/>
</testsuite> <!-- com.deviceConfig.baseClass -->
