<?xml version="1.0" encoding="UTF-8"?>
<!-- Generated by org.testng.reporters.JUnitReportReporter -->
<testsuite hostname="Jays-Mac-mini-3.local" failures="0" tests="6" name="com.TestClass.FillTheFormTest" time="52.373" errors="0" timestamp="2024-08-06T11:39:23 IST" skipped="0">
  <testcase classname="com.TestClass.FillTheFormTest" name="To_Verify_LandingScreen" time="3.179"/>
  <system-out/>
  <testcase classname="com.TestClass.FillTheFormTest" name="To_Verify_Fill_PersonalInformation_With_Valid_Details" time="7.733"/>
  <system-out/>
  <testcase classname="com.TestClass.FillTheFormTest" name="To_Verify_Fill_LifeStyleInformation_With_Valid_Details" time="6.494"/>
  <system-out/>
  <testcase classname="com.TestClass.FillTheFormTest" name="To_Verify_Fill_HealthInformation_With_Valid_Details" time="6.762"/>
  <system-out/>
  <testcase classname="com.TestClass.FillTheFormTest" name="To_Verify_Fill_MedicalHistory_With_Valid_Details" time="9.347"/>
  <system-out/>
  <testcase classname="com.TestClass.FillTheFormTest" name="To_Verify_Fill_AdditionalInformation_With_Valid_Details" time="18.858"/>
  <system-out/>
</testsuite> <!-- com.TestClass.FillTheFormTest -->
