<?xml version="1.0" encoding="UTF-8"?>
<!-- Generated by org.testng.reporters.JUnitReportReporter -->
<testsuite hostname="Jays-Mac-mini-3.local" failures="0" tests="1" name="com.TestClass.UploadYourReportTest" time="19.377" errors="0" timestamp="2024-08-06T11:39:23 IST" skipped="0">
  <testcase classname="com.TestClass.UploadYourReportTest" name="To_Verify_With_Upload_Valid_PDF_File" time="19.377"/>
  <system-out/>
</testsuite> <!-- com.TestClass.UploadYourReportTest -->
